[debug] [2023-10-13T03:43:18.947Z] ----------------------------------------------------------------------
[debug] [2023-10-13T03:43:18.950Z] Command:       /Users/rajnair/.nvm/versions/node/v18.18.0/bin/node /usr/local/bin/firebase deploy --only functions
[debug] [2023-10-13T03:43:18.950Z] CLI Version:   12.6.1
[debug] [2023-10-13T03:43:18.950Z] Platform:      darwin
[debug] [2023-10-13T03:43:18.951Z] Node Version:  v18.18.0
[debug] [2023-10-13T03:43:18.952Z] Time:          Thu Oct 12 2023 23:43:18 GMT-0400 (Eastern Daylight Time)
[debug] [2023-10-13T03:43:18.953Z] ----------------------------------------------------------------------
[debug] 
[debug] [2023-10-13T03:43:19.036Z] > command requires scopes: ["email","openid","https://www.googleapis.com/auth/cloudplatformprojects.readonly","https://www.googleapis.com/auth/firebase","https://www.googleapis.com/auth/cloud-platform"]
[debug] [2023-10-13T03:43:19.037Z] > authorizing via signed-in user (rkingnair@gmail.com)
[debug] [2023-10-13T03:43:19.037Z] [iam] checking project mission-partner-app for permissions ["cloudfunctions.functions.create","cloudfunctions.functions.delete","cloudfunctions.functions.get","cloudfunctions.functions.list","cloudfunctions.functions.update","cloudfunctions.operations.get","firebase.projects.get"]
[debug] [2023-10-13T03:43:19.040Z] >>> [apiv2][query] POST https://cloudresourcemanager.googleapis.com/v1/projects/mission-partner-app:testIamPermissions [none]
[debug] [2023-10-13T03:43:19.040Z] >>> [apiv2][(partial)header] POST https://cloudresourcemanager.googleapis.com/v1/projects/mission-partner-app:testIamPermissions x-goog-quota-user=projects/mission-partner-app
[debug] [2023-10-13T03:43:19.040Z] >>> [apiv2][body] POST https://cloudresourcemanager.googleapis.com/v1/projects/mission-partner-app:testIamPermissions {"permissions":["cloudfunctions.functions.create","cloudfunctions.functions.delete","cloudfunctions.functions.get","cloudfunctions.functions.list","cloudfunctions.functions.update","cloudfunctions.operations.get","firebase.projects.get"]}
[debug] [2023-10-13T03:43:19.398Z] <<< [apiv2][status] POST https://cloudresourcemanager.googleapis.com/v1/projects/mission-partner-app:testIamPermissions 200
[debug] [2023-10-13T03:43:19.399Z] <<< [apiv2][body] POST https://cloudresourcemanager.googleapis.com/v1/projects/mission-partner-app:testIamPermissions {"permissions":["cloudfunctions.functions.create","cloudfunctions.functions.delete","cloudfunctions.functions.get","cloudfunctions.functions.list","cloudfunctions.functions.update","cloudfunctions.operations.get","firebase.projects.get"]}
[debug] [2023-10-13T03:43:19.399Z] >>> [apiv2][query] POST https://iam.googleapis.com/v1/projects/mission-partner-app/serviceAccounts/mission-partner-app@appspot.gserviceaccount.com:testIamPermissions [none]
[debug] [2023-10-13T03:43:19.399Z] >>> [apiv2][body] POST https://iam.googleapis.com/v1/projects/mission-partner-app/serviceAccounts/mission-partner-app@appspot.gserviceaccount.com:testIamPermissions {"permissions":["iam.serviceAccounts.actAs"]}
[debug] [2023-10-13T03:43:19.538Z] <<< [apiv2][status] POST https://iam.googleapis.com/v1/projects/mission-partner-app/serviceAccounts/mission-partner-app@appspot.gserviceaccount.com:testIamPermissions 200
[debug] [2023-10-13T03:43:19.538Z] <<< [apiv2][body] POST https://iam.googleapis.com/v1/projects/mission-partner-app/serviceAccounts/mission-partner-app@appspot.gserviceaccount.com:testIamPermissions {"permissions":["iam.serviceAccounts.actAs"]}
[info] 
[info] === Deploying to 'mission-partner-app'...
[info] 
[info] i  deploying functions 
[info] Running command: npm --prefix "$RESOURCE_DIR" run lint
[info] ✔  functions: Finished running predeploy script. 
[debug] [2023-10-13T03:43:22.387Z] >>> [apiv2][query] GET https://firebase.googleapis.com/v1beta1/projects/mission-partner-app [none]
[debug] [2023-10-13T03:43:22.669Z] <<< [apiv2][status] GET https://firebase.googleapis.com/v1beta1/projects/mission-partner-app 200
[debug] [2023-10-13T03:43:22.670Z] <<< [apiv2][body] GET https://firebase.googleapis.com/v1beta1/projects/mission-partner-app {"projectId":"mission-partner-app","projectNumber":"597753804912","displayName":"Wing","name":"projects/mission-partner-app","resources":{"hostingSite":"mission-partner-app","storageBucket":"mission-partner-app.appspot.com","locationId":"us-central"},"state":"ACTIVE","etag":"1_4e81feb3-78de-44bf-bff0-a7c0b98a4164"}
[info] i  functions: preparing codebase default for deployment 
[info] i  functions: ensuring required API cloudfunctions.googleapis.com is enabled... 
[info] i  functions: ensuring required API cloudbuild.googleapis.com is enabled... 
[info] i  artifactregistry: ensuring required API artifactregistry.googleapis.com is enabled... 
[debug] [2023-10-13T03:43:22.673Z] >>> [apiv2][query] GET https://serviceusage.googleapis.com/v1/projects/mission-partner-app/services/cloudfunctions.googleapis.com [none]
[debug] [2023-10-13T03:43:22.673Z] >>> [apiv2][(partial)header] GET https://serviceusage.googleapis.com/v1/projects/mission-partner-app/services/cloudfunctions.googleapis.com x-goog-quota-user=projects/mission-partner-app
[debug] [2023-10-13T03:43:22.675Z] >>> [apiv2][query] GET https://serviceusage.googleapis.com/v1/projects/mission-partner-app/services/runtimeconfig.googleapis.com [none]
[debug] [2023-10-13T03:43:22.675Z] >>> [apiv2][(partial)header] GET https://serviceusage.googleapis.com/v1/projects/mission-partner-app/services/runtimeconfig.googleapis.com x-goog-quota-user=projects/mission-partner-app
[debug] [2023-10-13T03:43:22.677Z] >>> [apiv2][query] GET https://serviceusage.googleapis.com/v1/projects/mission-partner-app/services/cloudbuild.googleapis.com [none]
[debug] [2023-10-13T03:43:22.677Z] >>> [apiv2][(partial)header] GET https://serviceusage.googleapis.com/v1/projects/mission-partner-app/services/cloudbuild.googleapis.com x-goog-quota-user=projects/mission-partner-app
[debug] [2023-10-13T03:43:22.679Z] >>> [apiv2][query] GET https://serviceusage.googleapis.com/v1/projects/mission-partner-app/services/artifactregistry.googleapis.com [none]
[debug] [2023-10-13T03:43:22.679Z] >>> [apiv2][(partial)header] GET https://serviceusage.googleapis.com/v1/projects/mission-partner-app/services/artifactregistry.googleapis.com x-goog-quota-user=projects/mission-partner-app
[debug] [2023-10-13T03:43:23.061Z] <<< [apiv2][status] GET https://serviceusage.googleapis.com/v1/projects/mission-partner-app/services/artifactregistry.googleapis.com 200
[debug] [2023-10-13T03:43:23.061Z] <<< [apiv2][body] GET https://serviceusage.googleapis.com/v1/projects/mission-partner-app/services/artifactregistry.googleapis.com [omitted]
[info] ✔  artifactregistry: required API artifactregistry.googleapis.com is enabled 
[debug] [2023-10-13T03:43:23.086Z] <<< [apiv2][status] GET https://serviceusage.googleapis.com/v1/projects/mission-partner-app/services/cloudbuild.googleapis.com 200
[debug] [2023-10-13T03:43:23.086Z] <<< [apiv2][body] GET https://serviceusage.googleapis.com/v1/projects/mission-partner-app/services/cloudbuild.googleapis.com [omitted]
[info] ✔  functions: required API cloudbuild.googleapis.com is enabled 
[debug] [2023-10-13T03:43:23.115Z] <<< [apiv2][status] GET https://serviceusage.googleapis.com/v1/projects/mission-partner-app/services/runtimeconfig.googleapis.com 200
[debug] [2023-10-13T03:43:23.115Z] <<< [apiv2][body] GET https://serviceusage.googleapis.com/v1/projects/mission-partner-app/services/runtimeconfig.googleapis.com [omitted]
[debug] [2023-10-13T03:43:23.121Z] <<< [apiv2][status] GET https://serviceusage.googleapis.com/v1/projects/mission-partner-app/services/cloudfunctions.googleapis.com 200
[debug] [2023-10-13T03:43:23.121Z] <<< [apiv2][body] GET https://serviceusage.googleapis.com/v1/projects/mission-partner-app/services/cloudfunctions.googleapis.com [omitted]
[info] ✔  functions: required API cloudfunctions.googleapis.com is enabled 
[debug] [2023-10-13T03:43:23.122Z] >>> [apiv2][query] GET https://firebase.googleapis.com/v1beta1/projects/mission-partner-app/adminSdkConfig [none]
[debug] [2023-10-13T03:43:23.469Z] <<< [apiv2][status] GET https://firebase.googleapis.com/v1beta1/projects/mission-partner-app/adminSdkConfig 200
[debug] [2023-10-13T03:43:23.469Z] <<< [apiv2][body] GET https://firebase.googleapis.com/v1beta1/projects/mission-partner-app/adminSdkConfig {"projectId":"mission-partner-app","storageBucket":"mission-partner-app.appspot.com","locationId":"us-central"}
[debug] [2023-10-13T03:43:23.470Z] >>> [apiv2][query] GET https://runtimeconfig.googleapis.com/v1beta1/projects/mission-partner-app/configs [none]
[debug] [2023-10-13T03:43:23.711Z] <<< [apiv2][status] GET https://runtimeconfig.googleapis.com/v1beta1/projects/mission-partner-app/configs 200
[debug] [2023-10-13T03:43:23.712Z] <<< [apiv2][body] GET https://runtimeconfig.googleapis.com/v1beta1/projects/mission-partner-app/configs {"configs":[{"name":"projects/mission-partner-app/configs/env"}]}
[debug] [2023-10-13T03:43:23.712Z] >>> [apiv2][query] GET https://runtimeconfig.googleapis.com/v1beta1/projects/mission-partner-app/configs/env/variables [none]
[debug] [2023-10-13T03:43:23.864Z] <<< [apiv2][status] GET https://runtimeconfig.googleapis.com/v1beta1/projects/mission-partner-app/configs/env/variables 200
[debug] [2023-10-13T03:43:23.865Z] <<< [apiv2][body] GET https://runtimeconfig.googleapis.com/v1beta1/projects/mission-partner-app/configs/env/variables {"variables":[{"name":"projects/mission-partner-app/configs/env/variables/name","updateTime":"2023-10-02T04:26:12.535945225Z"}]}
[debug] [2023-10-13T03:43:23.866Z] >>> [apiv2][query] GET https://runtimeconfig.googleapis.com/v1beta1/projects/mission-partner-app/configs/env/variables/name [none]
[debug] [2023-10-13T03:43:24.062Z] <<< [apiv2][status] GET https://runtimeconfig.googleapis.com/v1beta1/projects/mission-partner-app/configs/env/variables/name 200
[debug] [2023-10-13T03:43:24.062Z] <<< [apiv2][body] GET https://runtimeconfig.googleapis.com/v1beta1/projects/mission-partner-app/configs/env/variables/name {"name":"projects/mission-partner-app/configs/env/variables/name","updateTime":"2023-10-02T04:26:12.535945225Z","text":"dev"}
[debug] [2023-10-13T03:43:24.066Z] Validating nodejs source
[debug] [2023-10-13T03:43:25.132Z] > [functions] package.json contents: {
  "name": "functions",
  "description": "Cloud Functions for Firebase",
  "scripts": {
    "lint": "eslint . --fix",
    "serve": "firebase emulators:start --only functions",
    "shell": "firebase functions:shell",
    "start": "npm run shell",
    "deploy": "firebase deploy --only functions",
    "logs": "firebase functions:log"
  },
  "engines": {
    "node": "18"
  },
  "main": "index.js",
  "dependencies": {
    "express": "^4.18.2",
    "firebase-admin": "^11.8.0",
    "firebase-functions": "^4.3.1"
  },
  "devDependencies": {
    "eslint": "^8.50.0",
    "eslint-config-google": "^0.14.0",
    "firebase-functions-test": "^3.1.0"
  },
  "private": true
}
[debug] [2023-10-13T03:43:25.132Z] Building nodejs source
[info] i  functions: Loading and analyzing source code for codebase default to determine what to deploy 
[debug] [2023-10-13T03:43:25.133Z] Could not find functions.yaml. Must use http discovery
[debug] [2023-10-13T03:43:25.144Z] Found firebase-functions binary at '/Users/rajnair/Projects/mission_partner/functions/node_modules/.bin/firebase-functions'
[info] Serving at port 8245

[debug] [2023-10-13T03:43:26.230Z] Got response from /__/functions.yaml {"endpoints":{"onSwipe":{"platform":"gcfv1","availableMemoryMb":null,"timeoutSeconds":null,"minInstances":null,"maxInstances":null,"ingressSettings":null,"serviceAccountEmail":null,"vpc":null,"eventTrigger":{"eventType":"providers/cloud.firestore/eventTypes/document.create","eventFilters":{"resource":"projects/mission-partner-app/databases/(default)/documents/users/{userId}/swipes/{swipeId}"},"retry":false},"labels":{},"entryPoint":"onSwipe"},"onSwipeDev":{"platform":"gcfv1","availableMemoryMb":null,"timeoutSeconds":null,"minInstances":null,"maxInstances":null,"ingressSettings":null,"serviceAccountEmail":null,"vpc":null,"eventTrigger":{"eventType":"providers/cloud.firestore/eventTypes/document.create","eventFilters":{"resource":"projects/mission-partner-app/databases/(default)/documents/users_test/{userId}/swipes/{swipeId}"},"retry":false},"labels":{},"entryPoint":"onSwipeDev"},"sendAnnouncementNotification":{"platform":"gcfv1","availableMemoryMb":null,"timeoutSeconds":null,"minInstances":null,"maxInstances":null,"ingressSettings":null,"serviceAccountEmail":null,"vpc":null,"eventTrigger":{"eventType":"providers/cloud.firestore/eventTypes/document.create","eventFilters":{"resource":"projects/mission-partner-app/databases/(default)/documents/announcements/{announcementId}"},"retry":false},"labels":{},"entryPoint":"sendAnnouncementNotification"},"sendAnnouncementNotificationDev":{"platform":"gcfv1","availableMemoryMb":null,"timeoutSeconds":null,"minInstances":null,"maxInstances":null,"ingressSettings":null,"serviceAccountEmail":null,"vpc":null,"eventTrigger":{"eventType":"providers/cloud.firestore/eventTypes/document.create","eventFilters":{"resource":"projects/mission-partner-app/databases/(default)/documents/announcements_test/{announcementId}"},"retry":false},"labels":{},"entryPoint":"sendAnnouncementNotificationDev"},"functionCall":{"platform":"gcfv1","availableMemoryMb":null,"timeoutSeconds":null,"minInstances":null,"maxInstances":null,"ingressSettings":null,"serviceAccountEmail":null,"vpc":null,"httpsTrigger":{},"entryPoint":"functionCall"}},"specVersion":"v1alpha1","requiredAPIs":[]}
[info] shutdown requested via /__/quitquitquit

[info] i  functions: preparing functions directory for uploading... 
[info] i  functions: packaged /Users/rajnair/Projects/mission_partner/functions (53.98 KB) for uploading 
[debug] [2023-10-13T03:43:26.331Z] >>> [apiv2][query] GET https://cloudfunctions.googleapis.com/v1/projects/mission-partner-app/locations/-/functions [none]
[debug] [2023-10-13T03:43:26.906Z] <<< [apiv2][status] GET https://cloudfunctions.googleapis.com/v1/projects/mission-partner-app/locations/-/functions 200
[debug] [2023-10-13T03:43:26.907Z] <<< [apiv2][body] GET https://cloudfunctions.googleapis.com/v1/projects/mission-partner-app/locations/-/functions {"functions":[{"name":"projects/mission-partner-app/locations/us-central1/functions/functionCall","httpsTrigger":{"url":"https://us-central1-mission-partner-app.cloudfunctions.net/functionCall","securityLevel":"SECURE_ALWAYS"},"status":"ACTIVE","entryPoint":"functionCall","timeout":"60s","availableMemoryMb":256,"serviceAccountEmail":"mission-partner-app@appspot.gserviceaccount.com","updateTime":"2023-10-13T03:25:41.211Z","versionId":"4","labels":{"deployment-tool":"cli-firebase","firebase-functions-hash":"7867cd1146392d7d75357d83afcd9e43802cc370"},"sourceUploadUrl":"https://storage.googleapis.com/uploads-910294840664.us-central1.cloudfunctions.appspot.com/f8a6e773-e6c0-4fe0-aa99-0675b0a8c939.zip","environmentVariables":{"FIREBASE_CONFIG":"{\"projectId\":\"mission-partner-app\",\"storageBucket\":\"mission-partner-app.appspot.com\",\"locationId\":\"us-central\"}","GCLOUD_PROJECT":"mission-partner-app","EVENTARC_CLOUD_EVENT_SOURCE":"projects/mission-partner-app/locations/us-central1/functions/functionCall"},"runtime":"nodejs18","ingressSettings":"ALLOW_ALL","buildId":"940a4b6e-91f1-46c4-b49a-3978f9f52f99","buildEnvironmentVariables":{"GOOGLE_NODE_RUN_SCRIPTS":""},"buildName":"projects/597753804912/locations/us-central1/builds/940a4b6e-91f1-46c4-b49a-3978f9f52f99","dockerRegistry":"ARTIFACT_REGISTRY"},{"name":"projects/mission-partner-app/locations/us-central1/functions/onSwipe","eventTrigger":{"eventType":"providers/cloud.firestore/eventTypes/document.create","resource":"projects/mission-partner-app/databases/(default)/documents/users/{userId}/swipes/{swipeId}","service":"firestore.googleapis.com","failurePolicy":{}},"status":"ACTIVE","entryPoint":"onSwipe","timeout":"60s","availableMemoryMb":256,"serviceAccountEmail":"mission-partner-app@appspot.gserviceaccount.com","updateTime":"2023-10-12T02:52:41.500Z","versionId":"36","labels":{"deployment-tool":"cli-firebase","firebase-functions-hash":"37ecf6d7d1acc9dc37c70704966cfbd55055f938"},"sourceUploadUrl":"https://storage.googleapis.com/uploads-910294840664.us-central1.cloudfunctions.appspot.com/009469d5-46d2-4ca2-bca7-3bc6ef38c3b6.zip","environmentVariables":{"FIREBASE_CONFIG":"{\"projectId\":\"mission-partner-app\",\"storageBucket\":\"mission-partner-app.appspot.com\",\"locationId\":\"us-central\"}","GCLOUD_PROJECT":"mission-partner-app","EVENTARC_CLOUD_EVENT_SOURCE":"projects/mission-partner-app/locations/us-central1/functions/onSwipe"},"runtime":"nodejs18","maxInstances":3000,"ingressSettings":"ALLOW_ALL","buildId":"d5dd750f-09b9-436f-9b48-66cec30a19c6","buildEnvironmentVariables":{"GOOGLE_NODE_RUN_SCRIPTS":""},"buildName":"projects/597753804912/locations/us-central1/builds/d5dd750f-09b9-436f-9b48-66cec30a19c6","dockerRegistry":"ARTIFACT_REGISTRY"},{"name":"projects/mission-partner-app/locations/us-central1/functions/onSwipeDev","eventTrigger":{"eventType":"providers/cloud.firestore/eventTypes/document.create","resource":"projects/mission-partner-app/databases/(default)/documents/users_test/{userId}/swipes/{swipeId}","service":"firestore.googleapis.com","failurePolicy":{}},"status":"ACTIVE","entryPoint":"onSwipeDev","timeout":"60s","availableMemoryMb":256,"serviceAccountEmail":"mission-partner-app@appspot.gserviceaccount.com","updateTime":"2023-10-12T02:53:56.481Z","versionId":"8","labels":{"deployment-tool":"cli-firebase","firebase-functions-hash":"37ecf6d7d1acc9dc37c70704966cfbd55055f938"},"sourceUploadUrl":"https://storage.googleapis.com/uploads-910294840664.us-central1.cloudfunctions.appspot.com/009469d5-46d2-4ca2-bca7-3bc6ef38c3b6.zip","environmentVariables":{"FIREBASE_CONFIG":"{\"projectId\":\"mission-partner-app\",\"storageBucket\":\"mission-partner-app.appspot.com\",\"locationId\":\"us-central\"}","GCLOUD_PROJECT":"mission-partner-app","EVENTARC_CLOUD_EVENT_SOURCE":"projects/mission-partner-app/locations/us-central1/functions/onSwipeDev"},"runtime":"nodejs18","maxInstances":3000,"ingressSettings":"ALLOW_ALL","buildId":"d5dd750f-09b9-436f-9b48-66cec30a19c6","buildEnvironmentVariables":{"GOOGLE_NODE_RUN_SCRIPTS":""},"buildName":"projects/597753804912/locations/us-central1/builds/d5dd750f-09b9-436f-9b48-66cec30a19c6","dockerRegistry":"ARTIFACT_REGISTRY"},{"name":"projects/mission-partner-app/locations/us-central1/functions/sendAnnouncementNotification","eventTrigger":{"eventType":"providers/cloud.firestore/eventTypes/document.create","resource":"projects/mission-partner-app/databases/(default)/documents/announcements/{announcementId}","service":"firestore.googleapis.com","failurePolicy":{}},"status":"ACTIVE","entryPoint":"sendAnnouncementNotification","timeout":"60s","availableMemoryMb":256,"serviceAccountEmail":"mission-partner-app@appspot.gserviceaccount.com","updateTime":"2023-10-12T02:53:56.276Z","versionId":"13","labels":{"deployment-tool":"cli-firebase","firebase-functions-hash":"37ecf6d7d1acc9dc37c70704966cfbd55055f938"},"sourceUploadUrl":"https://storage.googleapis.com/uploads-910294840664.us-central1.cloudfunctions.appspot.com/009469d5-46d2-4ca2-bca7-3bc6ef38c3b6.zip","environmentVariables":{"FIREBASE_CONFIG":"{\"projectId\":\"mission-partner-app\",\"storageBucket\":\"mission-partner-app.appspot.com\",\"locationId\":\"us-central\"}","GCLOUD_PROJECT":"mission-partner-app","EVENTARC_CLOUD_EVENT_SOURCE":"projects/mission-partner-app/locations/us-central1/functions/sendAnnouncementNotification"},"runtime":"nodejs18","maxInstances":3000,"ingressSettings":"ALLOW_ALL","buildId":"d5dd750f-09b9-436f-9b48-66cec30a19c6","buildEnvironmentVariables":{"GOOGLE_NODE_RUN_SCRIPTS":""},"buildName":"projects/597753804912/locations/us-central1/builds/d5dd750f-09b9-436f-9b48-66cec30a19c6","dockerRegistry":"ARTIFACT_REGISTRY"},{"name":"projects/mission-partner-app/locations/us-central1/functions/sendAnnouncementNotificationDev","eventTrigger":{"eventType":"providers/cloud.firestore/eventTypes/document.create","resource":"projects/mission-partner-app/databases/(default)/documents/announcements_test/{announcementId}","service":"firestore.googleapis.com","failurePolicy":{}},"status":"ACTIVE","entryPoint":"sendAnnouncementNotificationDev","timeout":"60s","availableMemoryMb":256,"serviceAccountEmail":"mission-partner-app@appspot.gserviceaccount.com","updateTime":"2023-10-12T02:54:00.933Z","versionId":"6","labels":{"deployment-tool":"cli-firebase","firebase-functions-hash":"37ecf6d7d1acc9dc37c70704966cfbd55055f938"},"sourceUploadUrl":"https://storage.googleapis.com/uploads-910294840664.us-central1.cloudfunctions.appspot.com/009469d5-46d2-4ca2-bca7-3bc6ef38c3b6.zip","environmentVariables":{"FIREBASE_CONFIG":"{\"projectId\":\"mission-partner-app\",\"storageBucket\":\"mission-partner-app.appspot.com\",\"locationId\":\"us-central\"}","GCLOUD_PROJECT":"mission-partner-app","EVENTARC_CLOUD_EVENT_SOURCE":"projects/mission-partner-app/locations/us-central1/functions/sendAnnouncementNotificationDev"},"runtime":"nodejs18","maxInstances":3000,"ingressSettings":"ALLOW_ALL","buildId":"d5dd750f-09b9-436f-9b48-66cec30a19c6","buildEnvironmentVariables":{"GOOGLE_NODE_RUN_SCRIPTS":""},"buildName":"projects/597753804912/locations/us-central1/builds/d5dd750f-09b9-436f-9b48-66cec30a19c6","dockerRegistry":"ARTIFACT_REGISTRY"}]}
[debug] [2023-10-13T03:43:26.909Z] >>> [apiv2][query] GET https://cloudfunctions.googleapis.com/v2/projects/mission-partner-app/locations/-/functions filter=environment%3D%22GEN_2%22
[debug] [2023-10-13T03:43:27.512Z] <<< [apiv2][status] GET https://cloudfunctions.googleapis.com/v2/projects/mission-partner-app/locations/-/functions 200
[debug] [2023-10-13T03:43:27.513Z] <<< [apiv2][body] GET https://cloudfunctions.googleapis.com/v2/projects/mission-partner-app/locations/-/functions {}
[debug] [2023-10-13T03:43:27.519Z] >>> [apiv2][query] GET https://firebase.googleapis.com/v1beta1/projects/mission-partner-app [none]
[debug] [2023-10-13T03:43:27.816Z] <<< [apiv2][status] GET https://firebase.googleapis.com/v1beta1/projects/mission-partner-app 200
[debug] [2023-10-13T03:43:27.817Z] <<< [apiv2][body] GET https://firebase.googleapis.com/v1beta1/projects/mission-partner-app {"projectId":"mission-partner-app","projectNumber":"597753804912","displayName":"Wing","name":"projects/mission-partner-app","resources":{"hostingSite":"mission-partner-app","storageBucket":"mission-partner-app.appspot.com","locationId":"us-central"},"state":"ACTIVE","etag":"1_4e81feb3-78de-44bf-bff0-a7c0b98a4164"}
[debug] [2023-10-13T03:43:27.820Z] >>> [apiv2][query] POST https://cloudfunctions.googleapis.com/v1/projects/mission-partner-app/locations/us-central1/functions:generateUploadUrl [none]
[debug] [2023-10-13T03:43:27.820Z] >>> [apiv2][body] POST https://cloudfunctions.googleapis.com/v1/projects/mission-partner-app/locations/us-central1/functions:generateUploadUrl {}
[debug] [2023-10-13T03:43:28.330Z] <<< [apiv2][status] POST https://cloudfunctions.googleapis.com/v1/projects/mission-partner-app/locations/us-central1/functions:generateUploadUrl 200
[debug] [2023-10-13T03:43:28.331Z] <<< [apiv2][body] POST https://cloudfunctions.googleapis.com/v1/projects/mission-partner-app/locations/us-central1/functions:generateUploadUrl {"uploadUrl":"https://storage.googleapis.com/uploads-910294840664.us-central1.cloudfunctions.appspot.com/a472fb8d-54bd-4099-a8ee-d39139a46bb4.zip?GoogleAccessId=service-597753804912@gcf-admin-robot.iam.gserviceaccount.com&Expires=1697170408&Signature=f6kqgNd%2BnnN4Er93ATEEpTNhjXSwIq9D414CNE6bXug%2Bc57hOTY1SVOfoeJVQ7OkAZKRDAMZdqGMS3v3azw7RiYnpws4xMHvBlx8w1DGJ5RAx%2BJJACX3gFidNf8Q9OZw7skJ%2BSNCmbIMZJnlnsnqozuQVUYm8e%2BCQ8doIOAqtXNVbDn36EptA8F088brLQ10Gi%2B8eC%2FCtBb20kIARf6bI4mS4i%2FfY9B4aYsDXVqq8gkOjeQQBbsNMbSWQ3s4zfwepbdEL%2BCZaVA8Bi2odivOIvJmJru8QE72cHC8kDA6NGJCVuhCAER88DB%2BO54Tq673fFyJr2fdzGzTsqzvBFgLbw%3D%3D"}
[debug] [2023-10-13T03:43:28.333Z] >>> [apiv2][query] PUT https://storage.googleapis.com/uploads-910294840664.us-central1.cloudfunctions.appspot.com/a472fb8d-54bd-4099-a8ee-d39139a46bb4.zip GoogleAccessId=service-597753804912%40gcf-admin-robot.iam.gserviceaccount.com&Expires=1697170408&Signature=f6kqgNd%2BnnN4Er93ATEEpTNhjXSwIq9D414CNE6bXug%2Bc57hOTY1SVOfoeJVQ7OkAZKRDAMZdqGMS3v3azw7RiYnpws4xMHvBlx8w1DGJ5RAx%2BJJACX3gFidNf8Q9OZw7skJ%2BSNCmbIMZJnlnsnqozuQVUYm8e%2BCQ8doIOAqtXNVbDn36EptA8F088brLQ10Gi%2B8eC%2FCtBb20kIARf6bI4mS4i%2FfY9B4aYsDXVqq8gkOjeQQBbsNMbSWQ3s4zfwepbdEL%2BCZaVA8Bi2odivOIvJmJru8QE72cHC8kDA6NGJCVuhCAER88DB%2BO54Tq673fFyJr2fdzGzTsqzvBFgLbw%3D%3D
[debug] [2023-10-13T03:43:28.333Z] >>> [apiv2][body] PUT https://storage.googleapis.com/uploads-910294840664.us-central1.cloudfunctions.appspot.com/a472fb8d-54bd-4099-a8ee-d39139a46bb4.zip [stream]
[debug] [2023-10-13T03:43:28.558Z] <<< [apiv2][status] PUT https://storage.googleapis.com/uploads-910294840664.us-central1.cloudfunctions.appspot.com/a472fb8d-54bd-4099-a8ee-d39139a46bb4.zip 200
[debug] [2023-10-13T03:43:28.558Z] <<< [apiv2][body] PUT https://storage.googleapis.com/uploads-910294840664.us-central1.cloudfunctions.appspot.com/a472fb8d-54bd-4099-a8ee-d39139a46bb4.zip [omitted]
[info] ✔  functions: functions folder uploaded successfully 
[info] i  functions: updating Node.js 18 (1st Gen) function onSwipe(us-central1)... 
[info] i  functions: updating Node.js 18 (1st Gen) function onSwipeDev(us-central1)... 
[info] i  functions: updating Node.js 18 (1st Gen) function sendAnnouncementNotification(us-central1)... 
[info] i  functions: updating Node.js 18 (1st Gen) function sendAnnouncementNotificationDev(us-central1)... 
[info] i  functions: updating Node.js 18 (1st Gen) function functionCall(us-central1)... 
[debug] [2023-10-13T03:43:28.569Z] >>> [apiv2][query] PATCH https://cloudfunctions.googleapis.com/v1/projects/mission-partner-app/locations/us-central1/functions/onSwipe updateMask=name%2CsourceUploadUrl%2CentryPoint%2Cruntime%2CdockerRegistry%2Clabels%2CeventTrigger.eventType%2CeventTrigger.resource%2CeventTrigger.failurePolicy%2CminInstances%2CmaxInstances%2CingressSettings%2CenvironmentVariables%2CserviceAccountEmail%2CavailableMemoryMb%2Ctimeout%2CvpcConnector%2CvpcConnectorEgressSettings%2CsourceToken%2CbuildEnvironmentVariables
[debug] [2023-10-13T03:43:28.569Z] >>> [apiv2][body] PATCH https://cloudfunctions.googleapis.com/v1/projects/mission-partner-app/locations/us-central1/functions/onSwipe {"name":"projects/mission-partner-app/locations/us-central1/functions/onSwipe","sourceUploadUrl":"https://storage.googleapis.com/uploads-910294840664.us-central1.cloudfunctions.appspot.com/a472fb8d-54bd-4099-a8ee-d39139a46bb4.zip?GoogleAccessId=service-597753804912@gcf-admin-robot.iam.gserviceaccount.com&Expires=1697170408&Signature=f6kqgNd%2BnnN4Er93ATEEpTNhjXSwIq9D414CNE6bXug%2Bc57hOTY1SVOfoeJVQ7OkAZKRDAMZdqGMS3v3azw7RiYnpws4xMHvBlx8w1DGJ5RAx%2BJJACX3gFidNf8Q9OZw7skJ%2BSNCmbIMZJnlnsnqozuQVUYm8e%2BCQ8doIOAqtXNVbDn36EptA8F088brLQ10Gi%2B8eC%2FCtBb20kIARf6bI4mS4i%2FfY9B4aYsDXVqq8gkOjeQQBbsNMbSWQ3s4zfwepbdEL%2BCZaVA8Bi2odivOIvJmJru8QE72cHC8kDA6NGJCVuhCAER88DB%2BO54Tq673fFyJr2fdzGzTsqzvBFgLbw%3D%3D","entryPoint":"onSwipe","runtime":"nodejs18","dockerRegistry":"ARTIFACT_REGISTRY","labels":{"deployment-tool":"cli-firebase","firebase-functions-hash":"52680262d30d31c44c032e8c1b308c0a641db69a"},"eventTrigger":{"eventType":"providers/cloud.firestore/eventTypes/document.create","resource":"projects/mission-partner-app/databases/(default)/documents/users/{userId}/swipes/{swipeId}"},"minInstances":null,"maxInstances":null,"ingressSettings":null,"environmentVariables":{"FIREBASE_CONFIG":"{\"projectId\":\"mission-partner-app\",\"storageBucket\":\"mission-partner-app.appspot.com\",\"locationId\":\"us-central\"}","GCLOUD_PROJECT":"mission-partner-app","EVENTARC_CLOUD_EVENT_SOURCE":"projects/mission-partner-app/locations/us-central1/functions/onSwipe"},"serviceAccountEmail":null,"availableMemoryMb":null,"timeout":null,"vpcConnector":null,"vpcConnectorEgressSettings":null,"buildEnvironmentVariables":{"GOOGLE_NODE_RUN_SCRIPTS":""}}
[debug] [2023-10-13T03:43:29.091Z] <<< [apiv2][status] PATCH https://cloudfunctions.googleapis.com/v1/projects/mission-partner-app/locations/us-central1/functions/onSwipe 200
[debug] [2023-10-13T03:43:29.091Z] <<< [apiv2][body] PATCH https://cloudfunctions.googleapis.com/v1/projects/mission-partner-app/locations/us-central1/functions/onSwipe {"name":"operations/bWlzc2lvbi1wYXJ0bmVyLWFwcC91cy1jZW50cmFsMS9vblN3aXBlL1hVcm9pbVVNM2hV","metadata":{"@type":"type.googleapis.com/google.cloud.functions.v1.OperationMetadataV1","target":"projects/mission-partner-app/locations/us-central1/functions/onSwipe","type":"UPDATE_FUNCTION","request":{"@type":"type.googleapis.com/google.cloud.functions.v1.CloudFunction","name":"projects/mission-partner-app/locations/us-central1/functions/onSwipe","eventTrigger":{"eventType":"providers/cloud.firestore/eventTypes/document.create","resource":"projects/mission-partner-app/databases/(default)/documents/users/{userId}/swipes/{swipeId}","service":"firestore.googleapis.com"},"status":"ACTIVE","entryPoint":"onSwipe","updateTime":"2023-10-12T02:52:41.500Z","versionId":"36","labels":{"deployment-tool":"cli-firebase","firebase-functions-hash":"52680262d30d31c44c032e8c1b308c0a641db69a"},"sourceUploadUrl":"https://storage.googleapis.com/uploads-910294840664.us-central1.cloudfunctions.appspot.com/a472fb8d-54bd-4099-a8ee-d39139a46bb4.zip?GoogleAccessId=service-597753804912@gcf-admin-robot.iam.gserviceaccount.com&Expires=1697170408&Signature=f6kqgNd%2BnnN4Er93ATEEpTNhjXSwIq9D414CNE6bXug%2Bc57hOTY1SVOfoeJVQ7OkAZKRDAMZdqGMS3v3azw7RiYnpws4xMHvBlx8w1DGJ5RAx%2BJJACX3gFidNf8Q9OZw7skJ%2BSNCmbIMZJnlnsnqozuQVUYm8e%2BCQ8doIOAqtXNVbDn36EptA8F088brLQ10Gi%2B8eC%2FCtBb20kIARf6bI4mS4i%2FfY9B4aYsDXVqq8gkOjeQQBbsNMbSWQ3s4zfwepbdEL%2BCZaVA8Bi2odivOIvJmJru8QE72cHC8kDA6NGJCVuhCAER88DB%2BO54Tq673fFyJr2fdzGzTsqzvBFgLbw%3D%3D","environmentVariables":{"FIREBASE_CONFIG":"{\"projectId\":\"mission-partner-app\",\"storageBucket\":\"mission-partner-app.appspot.com\",\"locationId\":\"us-central\"}","GCLOUD_PROJECT":"mission-partner-app","EVENTARC_CLOUD_EVENT_SOURCE":"projects/mission-partner-app/locations/us-central1/functions/onSwipe"},"runtime":"nodejs18","buildId":"d5dd750f-09b9-436f-9b48-66cec30a19c6","buildEnvironmentVariables":{"GOOGLE_NODE_RUN_SCRIPTS":""},"buildName":"projects/597753804912/locations/us-central1/builds/d5dd750f-09b9-436f-9b48-66cec30a19c6","dockerRegistry":"ARTIFACT_REGISTRY"},"versionId":"37","updateTime":"2023-10-13T03:43:29Z"}}
[debug] [2023-10-13T03:43:29.093Z] >>> [apiv2][query] GET https://cloudfunctions.googleapis.com/v1/operations/bWlzc2lvbi1wYXJ0bmVyLWFwcC91cy1jZW50cmFsMS9vblN3aXBlL1hVcm9pbVVNM2hV [none]
[debug] [2023-10-13T03:43:29.276Z] <<< [apiv2][status] GET https://cloudfunctions.googleapis.com/v1/operations/bWlzc2lvbi1wYXJ0bmVyLWFwcC91cy1jZW50cmFsMS9vblN3aXBlL1hVcm9pbVVNM2hV 200
[debug] [2023-10-13T03:43:29.276Z] <<< [apiv2][body] GET https://cloudfunctions.googleapis.com/v1/operations/bWlzc2lvbi1wYXJ0bmVyLWFwcC91cy1jZW50cmFsMS9vblN3aXBlL1hVcm9pbVVNM2hV {"name":"operations/bWlzc2lvbi1wYXJ0bmVyLWFwcC91cy1jZW50cmFsMS9vblN3aXBlL1hVcm9pbVVNM2hV","metadata":{"@type":"type.googleapis.com/google.cloud.functions.v1.OperationMetadataV1","target":"projects/mission-partner-app/locations/us-central1/functions/onSwipe","type":"UPDATE_FUNCTION","request":{"@type":"type.googleapis.com/google.cloud.functions.v1.CloudFunction","name":"projects/mission-partner-app/locations/us-central1/functions/onSwipe","eventTrigger":{"eventType":"providers/cloud.firestore/eventTypes/document.create","resource":"projects/mission-partner-app/databases/(default)/documents/users/{userId}/swipes/{swipeId}","service":"firestore.googleapis.com"},"status":"ACTIVE","entryPoint":"onSwipe","updateTime":"2023-10-12T02:52:41.500Z","versionId":"36","labels":{"deployment-tool":"cli-firebase","firebase-functions-hash":"52680262d30d31c44c032e8c1b308c0a641db69a"},"sourceUploadUrl":"https://storage.googleapis.com/uploads-910294840664.us-central1.cloudfunctions.appspot.com/a472fb8d-54bd-4099-a8ee-d39139a46bb4.zip?GoogleAccessId=service-597753804912@gcf-admin-robot.iam.gserviceaccount.com&Expires=1697170408&Signature=f6kqgNd%2BnnN4Er93ATEEpTNhjXSwIq9D414CNE6bXug%2Bc57hOTY1SVOfoeJVQ7OkAZKRDAMZdqGMS3v3azw7RiYnpws4xMHvBlx8w1DGJ5RAx%2BJJACX3gFidNf8Q9OZw7skJ%2BSNCmbIMZJnlnsnqozuQVUYm8e%2BCQ8doIOAqtXNVbDn36EptA8F088brLQ10Gi%2B8eC%2FCtBb20kIARf6bI4mS4i%2FfY9B4aYsDXVqq8gkOjeQQBbsNMbSWQ3s4zfwepbdEL%2BCZaVA8Bi2odivOIvJmJru8QE72cHC8kDA6NGJCVuhCAER88DB%2BO54Tq673fFyJr2fdzGzTsqzvBFgLbw%3D%3D","environmentVariables":{"FIREBASE_CONFIG":"{\"projectId\":\"mission-partner-app\",\"storageBucket\":\"mission-partner-app.appspot.com\",\"locationId\":\"us-central\"}","GCLOUD_PROJECT":"mission-partner-app","EVENTARC_CLOUD_EVENT_SOURCE":"projects/mission-partner-app/locations/us-central1/functions/onSwipe"},"runtime":"nodejs18","buildId":"d5dd750f-09b9-436f-9b48-66cec30a19c6","buildEnvironmentVariables":{"GOOGLE_NODE_RUN_SCRIPTS":""},"buildName":"projects/597753804912/locations/us-central1/builds/d5dd750f-09b9-436f-9b48-66cec30a19c6","dockerRegistry":"ARTIFACT_REGISTRY"},"versionId":"37","updateTime":"2023-10-13T03:43:29Z"}}
[debug] [2023-10-13T03:43:29.780Z] [update-default-us-central1-onSwipe] Retrying task index 0
[debug] [2023-10-13T03:43:29.781Z] >>> [apiv2][query] GET https://cloudfunctions.googleapis.com/v1/operations/bWlzc2lvbi1wYXJ0bmVyLWFwcC91cy1jZW50cmFsMS9vblN3aXBlL1hVcm9pbVVNM2hV [none]
[debug] [2023-10-13T03:43:29.929Z] <<< [apiv2][status] GET https://cloudfunctions.googleapis.com/v1/operations/bWlzc2lvbi1wYXJ0bmVyLWFwcC91cy1jZW50cmFsMS9vblN3aXBlL1hVcm9pbVVNM2hV 200
[debug] [2023-10-13T03:43:29.929Z] <<< [apiv2][body] GET https://cloudfunctions.googleapis.com/v1/operations/bWlzc2lvbi1wYXJ0bmVyLWFwcC91cy1jZW50cmFsMS9vblN3aXBlL1hVcm9pbVVNM2hV {"name":"operations/bWlzc2lvbi1wYXJ0bmVyLWFwcC91cy1jZW50cmFsMS9vblN3aXBlL1hVcm9pbVVNM2hV","metadata":{"@type":"type.googleapis.com/google.cloud.functions.v1.OperationMetadataV1","target":"projects/mission-partner-app/locations/us-central1/functions/onSwipe","type":"UPDATE_FUNCTION","request":{"@type":"type.googleapis.com/google.cloud.functions.v1.CloudFunction","name":"projects/mission-partner-app/locations/us-central1/functions/onSwipe","eventTrigger":{"eventType":"providers/cloud.firestore/eventTypes/document.create","resource":"projects/mission-partner-app/databases/(default)/documents/users/{userId}/swipes/{swipeId}","service":"firestore.googleapis.com"},"status":"ACTIVE","entryPoint":"onSwipe","updateTime":"2023-10-12T02:52:41.500Z","versionId":"36","labels":{"deployment-tool":"cli-firebase","firebase-functions-hash":"52680262d30d31c44c032e8c1b308c0a641db69a"},"sourceUploadUrl":"https://storage.googleapis.com/uploads-910294840664.us-central1.cloudfunctions.appspot.com/a472fb8d-54bd-4099-a8ee-d39139a46bb4.zip?GoogleAccessId=service-597753804912@gcf-admin-robot.iam.gserviceaccount.com&Expires=1697170408&Signature=f6kqgNd%2BnnN4Er93ATEEpTNhjXSwIq9D414CNE6bXug%2Bc57hOTY1SVOfoeJVQ7OkAZKRDAMZdqGMS3v3azw7RiYnpws4xMHvBlx8w1DGJ5RAx%2BJJACX3gFidNf8Q9OZw7skJ%2BSNCmbIMZJnlnsnqozuQVUYm8e%2BCQ8doIOAqtXNVbDn36EptA8F088brLQ10Gi%2B8eC%2FCtBb20kIARf6bI4mS4i%2FfY9B4aYsDXVqq8gkOjeQQBbsNMbSWQ3s4zfwepbdEL%2BCZaVA8Bi2odivOIvJmJru8QE72cHC8kDA6NGJCVuhCAER88DB%2BO54Tq673fFyJr2fdzGzTsqzvBFgLbw%3D%3D","environmentVariables":{"FIREBASE_CONFIG":"{\"projectId\":\"mission-partner-app\",\"storageBucket\":\"mission-partner-app.appspot.com\",\"locationId\":\"us-central\"}","GCLOUD_PROJECT":"mission-partner-app","EVENTARC_CLOUD_EVENT_SOURCE":"projects/mission-partner-app/locations/us-central1/functions/onSwipe"},"runtime":"nodejs18","buildId":"d5dd750f-09b9-436f-9b48-66cec30a19c6","buildEnvironmentVariables":{"GOOGLE_NODE_RUN_SCRIPTS":""},"buildName":"projects/597753804912/locations/us-central1/builds/d5dd750f-09b9-436f-9b48-66cec30a19c6","dockerRegistry":"ARTIFACT_REGISTRY"},"versionId":"37","updateTime":"2023-10-13T03:43:29Z"}}
[debug] [2023-10-13T03:43:30.929Z] [update-default-us-central1-onSwipe] Retrying task index 0
[debug] [2023-10-13T03:43:30.930Z] >>> [apiv2][query] GET https://cloudfunctions.googleapis.com/v1/operations/bWlzc2lvbi1wYXJ0bmVyLWFwcC91cy1jZW50cmFsMS9vblN3aXBlL1hVcm9pbVVNM2hV [none]
[debug] [2023-10-13T03:43:31.105Z] <<< [apiv2][status] GET https://cloudfunctions.googleapis.com/v1/operations/bWlzc2lvbi1wYXJ0bmVyLWFwcC91cy1jZW50cmFsMS9vblN3aXBlL1hVcm9pbVVNM2hV 200
[debug] [2023-10-13T03:43:31.106Z] <<< [apiv2][body] GET https://cloudfunctions.googleapis.com/v1/operations/bWlzc2lvbi1wYXJ0bmVyLWFwcC91cy1jZW50cmFsMS9vblN3aXBlL1hVcm9pbVVNM2hV {"name":"operations/bWlzc2lvbi1wYXJ0bmVyLWFwcC91cy1jZW50cmFsMS9vblN3aXBlL1hVcm9pbVVNM2hV","metadata":{"@type":"type.googleapis.com/google.cloud.functions.v1.OperationMetadataV1","target":"projects/mission-partner-app/locations/us-central1/functions/onSwipe","type":"UPDATE_FUNCTION","request":{"@type":"type.googleapis.com/google.cloud.functions.v1.CloudFunction","name":"projects/mission-partner-app/locations/us-central1/functions/onSwipe","eventTrigger":{"eventType":"providers/cloud.firestore/eventTypes/document.create","resource":"projects/mission-partner-app/databases/(default)/documents/users/{userId}/swipes/{swipeId}","service":"firestore.googleapis.com"},"status":"ACTIVE","entryPoint":"onSwipe","updateTime":"2023-10-12T02:52:41.500Z","versionId":"36","labels":{"deployment-tool":"cli-firebase","firebase-functions-hash":"52680262d30d31c44c032e8c1b308c0a641db69a"},"sourceUploadUrl":"https://storage.googleapis.com/uploads-910294840664.us-central1.cloudfunctions.appspot.com/a472fb8d-54bd-4099-a8ee-d39139a46bb4.zip?GoogleAccessId=service-597753804912@gcf-admin-robot.iam.gserviceaccount.com&Expires=1697170408&Signature=f6kqgNd%2BnnN4Er93ATEEpTNhjXSwIq9D414CNE6bXug%2Bc57hOTY1SVOfoeJVQ7OkAZKRDAMZdqGMS3v3azw7RiYnpws4xMHvBlx8w1DGJ5RAx%2BJJACX3gFidNf8Q9OZw7skJ%2BSNCmbIMZJnlnsnqozuQVUYm8e%2BCQ8doIOAqtXNVbDn36EptA8F088brLQ10Gi%2B8eC%2FCtBb20kIARf6bI4mS4i%2FfY9B4aYsDXVqq8gkOjeQQBbsNMbSWQ3s4zfwepbdEL%2BCZaVA8Bi2odivOIvJmJru8QE72cHC8kDA6NGJCVuhCAER88DB%2BO54Tq673fFyJr2fdzGzTsqzvBFgLbw%3D%3D","environmentVariables":{"FIREBASE_CONFIG":"{\"projectId\":\"mission-partner-app\",\"storageBucket\":\"mission-partner-app.appspot.com\",\"locationId\":\"us-central\"}","GCLOUD_PROJECT":"mission-partner-app","EVENTARC_CLOUD_EVENT_SOURCE":"projects/mission-partner-app/locations/us-central1/functions/onSwipe"},"runtime":"nodejs18","buildId":"d5dd750f-09b9-436f-9b48-66cec30a19c6","buildEnvironmentVariables":{"GOOGLE_NODE_RUN_SCRIPTS":""},"buildName":"projects/597753804912/locations/us-central1/builds/d5dd750f-09b9-436f-9b48-66cec30a19c6","dockerRegistry":"ARTIFACT_REGISTRY"},"versionId":"37","updateTime":"2023-10-13T03:43:29Z","buildId":"e4345d3e-acc4-4381-b6f8-58507470cea5","buildName":"projects/597753804912/locations/us-central1/builds/e4345d3e-acc4-4381-b6f8-58507470cea5"}}
[debug] [2023-10-13T03:43:33.106Z] [update-default-us-central1-onSwipe] Retrying task index 0
[debug] [2023-10-13T03:43:33.107Z] >>> [apiv2][query] GET https://cloudfunctions.googleapis.com/v1/operations/bWlzc2lvbi1wYXJ0bmVyLWFwcC91cy1jZW50cmFsMS9vblN3aXBlL1hVcm9pbVVNM2hV [none]
[debug] [2023-10-13T03:43:33.259Z] <<< [apiv2][status] GET https://cloudfunctions.googleapis.com/v1/operations/bWlzc2lvbi1wYXJ0bmVyLWFwcC91cy1jZW50cmFsMS9vblN3aXBlL1hVcm9pbVVNM2hV 200
[debug] [2023-10-13T03:43:33.260Z] <<< [apiv2][body] GET https://cloudfunctions.googleapis.com/v1/operations/bWlzc2lvbi1wYXJ0bmVyLWFwcC91cy1jZW50cmFsMS9vblN3aXBlL1hVcm9pbVVNM2hV {"name":"operations/bWlzc2lvbi1wYXJ0bmVyLWFwcC91cy1jZW50cmFsMS9vblN3aXBlL1hVcm9pbVVNM2hV","metadata":{"@type":"type.googleapis.com/google.cloud.functions.v1.OperationMetadataV1","target":"projects/mission-partner-app/locations/us-central1/functions/onSwipe","type":"UPDATE_FUNCTION","request":{"@type":"type.googleapis.com/google.cloud.functions.v1.CloudFunction","name":"projects/mission-partner-app/locations/us-central1/functions/onSwipe","eventTrigger":{"eventType":"providers/cloud.firestore/eventTypes/document.create","resource":"projects/mission-partner-app/databases/(default)/documents/users/{userId}/swipes/{swipeId}","service":"firestore.googleapis.com"},"status":"ACTIVE","entryPoint":"onSwipe","updateTime":"2023-10-12T02:52:41.500Z","versionId":"36","labels":{"deployment-tool":"cli-firebase","firebase-functions-hash":"52680262d30d31c44c032e8c1b308c0a641db69a"},"sourceUploadUrl":"https://storage.googleapis.com/uploads-910294840664.us-central1.cloudfunctions.appspot.com/a472fb8d-54bd-4099-a8ee-d39139a46bb4.zip?GoogleAccessId=service-597753804912@gcf-admin-robot.iam.gserviceaccount.com&Expires=1697170408&Signature=f6kqgNd%2BnnN4Er93ATEEpTNhjXSwIq9D414CNE6bXug%2Bc57hOTY1SVOfoeJVQ7OkAZKRDAMZdqGMS3v3azw7RiYnpws4xMHvBlx8w1DGJ5RAx%2BJJACX3gFidNf8Q9OZw7skJ%2BSNCmbIMZJnlnsnqozuQVUYm8e%2BCQ8doIOAqtXNVbDn36EptA8F088brLQ10Gi%2B8eC%2FCtBb20kIARf6bI4mS4i%2FfY9B4aYsDXVqq8gkOjeQQBbsNMbSWQ3s4zfwepbdEL%2BCZaVA8Bi2odivOIvJmJru8QE72cHC8kDA6NGJCVuhCAER88DB%2BO54Tq673fFyJr2fdzGzTsqzvBFgLbw%3D%3D","environmentVariables":{"FIREBASE_CONFIG":"{\"projectId\":\"mission-partner-app\",\"storageBucket\":\"mission-partner-app.appspot.com\",\"locationId\":\"us-central\"}","GCLOUD_PROJECT":"mission-partner-app","EVENTARC_CLOUD_EVENT_SOURCE":"projects/mission-partner-app/locations/us-central1/functions/onSwipe"},"runtime":"nodejs18","buildId":"d5dd750f-09b9-436f-9b48-66cec30a19c6","buildEnvironmentVariables":{"GOOGLE_NODE_RUN_SCRIPTS":""},"buildName":"projects/597753804912/locations/us-central1/builds/d5dd750f-09b9-436f-9b48-66cec30a19c6","dockerRegistry":"ARTIFACT_REGISTRY"},"versionId":"37","updateTime":"2023-10-13T03:43:29Z","buildId":"e4345d3e-acc4-4381-b6f8-58507470cea5","buildName":"projects/597753804912/locations/us-central1/builds/e4345d3e-acc4-4381-b6f8-58507470cea5"}}
[debug] [2023-10-13T03:43:37.262Z] [update-default-us-central1-onSwipe] Retrying task index 0
[debug] [2023-10-13T03:43:37.263Z] >>> [apiv2][query] GET https://cloudfunctions.googleapis.com/v1/operations/bWlzc2lvbi1wYXJ0bmVyLWFwcC91cy1jZW50cmFsMS9vblN3aXBlL1hVcm9pbVVNM2hV [none]
[debug] [2023-10-13T03:43:37.414Z] <<< [apiv2][status] GET https://cloudfunctions.googleapis.com/v1/operations/bWlzc2lvbi1wYXJ0bmVyLWFwcC91cy1jZW50cmFsMS9vblN3aXBlL1hVcm9pbVVNM2hV 200
[debug] [2023-10-13T03:43:37.415Z] <<< [apiv2][body] GET https://cloudfunctions.googleapis.com/v1/operations/bWlzc2lvbi1wYXJ0bmVyLWFwcC91cy1jZW50cmFsMS9vblN3aXBlL1hVcm9pbVVNM2hV {"name":"operations/bWlzc2lvbi1wYXJ0bmVyLWFwcC91cy1jZW50cmFsMS9vblN3aXBlL1hVcm9pbVVNM2hV","metadata":{"@type":"type.googleapis.com/google.cloud.functions.v1.OperationMetadataV1","target":"projects/mission-partner-app/locations/us-central1/functions/onSwipe","type":"UPDATE_FUNCTION","request":{"@type":"type.googleapis.com/google.cloud.functions.v1.CloudFunction","name":"projects/mission-partner-app/locations/us-central1/functions/onSwipe","eventTrigger":{"eventType":"providers/cloud.firestore/eventTypes/document.create","resource":"projects/mission-partner-app/databases/(default)/documents/users/{userId}/swipes/{swipeId}","service":"firestore.googleapis.com"},"status":"ACTIVE","entryPoint":"onSwipe","updateTime":"2023-10-12T02:52:41.500Z","versionId":"36","labels":{"deployment-tool":"cli-firebase","firebase-functions-hash":"52680262d30d31c44c032e8c1b308c0a641db69a"},"sourceUploadUrl":"https://storage.googleapis.com/uploads-910294840664.us-central1.cloudfunctions.appspot.com/a472fb8d-54bd-4099-a8ee-d39139a46bb4.zip?GoogleAccessId=service-597753804912@gcf-admin-robot.iam.gserviceaccount.com&Expires=1697170408&Signature=f6kqgNd%2BnnN4Er93ATEEpTNhjXSwIq9D414CNE6bXug%2Bc57hOTY1SVOfoeJVQ7OkAZKRDAMZdqGMS3v3azw7RiYnpws4xMHvBlx8w1DGJ5RAx%2BJJACX3gFidNf8Q9OZw7skJ%2BSNCmbIMZJnlnsnqozuQVUYm8e%2BCQ8doIOAqtXNVbDn36EptA8F088brLQ10Gi%2B8eC%2FCtBb20kIARf6bI4mS4i%2FfY9B4aYsDXVqq8gkOjeQQBbsNMbSWQ3s4zfwepbdEL%2BCZaVA8Bi2odivOIvJmJru8QE72cHC8kDA6NGJCVuhCAER88DB%2BO54Tq673fFyJr2fdzGzTsqzvBFgLbw%3D%3D","environmentVariables":{"FIREBASE_CONFIG":"{\"projectId\":\"mission-partner-app\",\"storageBucket\":\"mission-partner-app.appspot.com\",\"locationId\":\"us-central\"}","GCLOUD_PROJECT":"mission-partner-app","EVENTARC_CLOUD_EVENT_SOURCE":"projects/mission-partner-app/locations/us-central1/functions/onSwipe"},"runtime":"nodejs18","buildId":"d5dd750f-09b9-436f-9b48-66cec30a19c6","buildEnvironmentVariables":{"GOOGLE_NODE_RUN_SCRIPTS":""},"buildName":"projects/597753804912/locations/us-central1/builds/d5dd750f-09b9-436f-9b48-66cec30a19c6","dockerRegistry":"ARTIFACT_REGISTRY"},"versionId":"37","updateTime":"2023-10-13T03:43:29Z","buildId":"e4345d3e-acc4-4381-b6f8-58507470cea5","buildName":"projects/597753804912/locations/us-central1/builds/e4345d3e-acc4-4381-b6f8-58507470cea5"}}
